C51 COMPILER V9.59.0.0   DELAY                                                             05/17/2021 08:55:40 PAGE 1   


C51 COMPILER V9.59.0.0, COMPILATION OF MODULE DELAY
OBJECT MODULE PLACED IN .\Objects\delay.obj
COMPILER INVOKED BY: C:\Keil_v5\C51\BIN\C51.EXE Core\Src\delay.c LARGE OPTIMIZE(8,SPEED) BROWSE INCDIR(.\Core\Inc) DEBUG
                    - OBJECTEXTEND PRINT(.\Listings\delay.lst) OBJECT(.\Objects\delay.obj)

line level    source

   1          /**
   2            ******************************************************************************
   3            * @file    Delay.c
   4            * @author  sky-vocality(»ùÓÚPineconePi(»ùÓÚºê¾§¿Æ¼¼STC15¿âº¯Êý½øÐÐÐÞ¸Ä)¿âº¯Êý½øÐÐÐÞ¸Ä)
   5            * @version V1.0.0
   6            * @date    20-January-2021
   7            * @brief  This file is used to complete software Delay
   8            * @License:GNU General Public License v3.0         
   9            ******************************************************************************
  10            * @attention
  11            *The frequency of crystal oscillator is 24 Mhz
  12            *
  13            *  
  14            * 
  15            * 
  16            * 
  17            * 
  18            *
  19            * 
  20            ******************************************************************************
  21          **/
  22          #include "delay.h"
  23          #include "Intrins.h"
  24          //========================================================================
  25          // Function:void Delay_Ms(unsigned int ms)|º¯Êý: void Delay_Ms(unsigned int ms)
  26          // Description:Delay Function|ÃèÊö: ÑÓÊ±º¯Êý¡£
  27          // Parameter:Ms, the number of MS to be delayed, where only 1-10000 (10s) MS is supported|²ÎÊý: Ms,ÒªÑÓÊ±µ
             -ÄmsÊý, ÕâÀïÖ»Ö§³Ö1~10000 (10s) ms
  28          // Return:none|·µ»Ø: none.
  29          // Version VER1.0.0|°æ±¾: VER1.0.0
  30          // Date:2018-12-20|ÈÕÆÚ: 2018-12-20
  31          // Note:delay_ms(1000);//Delay 1s|±¸×¢: delay_ms(1000);//ÑÓ³Ù1s
  32          //========================================================================
  33          void Delay_Ms(unsigned int Ms){
  34   1        unsigned int k;
  35   1              unsigned char i, j;
  36   1              for(k=0;k<Ms;k++)
  37   1              {
  38   2              _nop_();
  39   2              i = 32;
  40   2              j = 40;
  41   2                      do
  42   2                      {
  43   3                        while (--j);
  44   3                      } while (--i);
  45   2              }}
  46          //========================================================================
  47          // Function:Delay_Us(unsigned int Us)|º¯Êý: Delay_Us(unsigned int Us)
  48          // Description:Delay Function|ÃèÊö: ÑÓÊ±º¯Êý¡£
  49          // Parameter:Us, the number of us delays, where only 1-10000 (10ms) us is supported|²ÎÊý: Us,ÒªÑÓÊ±µÄusÊý,
             - ÕâÀïÖ»Ö§³Ö1~10000 (10ms) us
  50          // Return:none|·µ»Ø: none.
  51          // Version:VER1.0.0|°æ±¾: VER1.0.0
  52          // Date:2018-12-20|ÈÕÆÚ: 2018-12-20
C51 COMPILER V9.59.0.0   DELAY                                                             05/17/2021 08:55:40 PAGE 2   

  53          // Note:delay_us(1000);//delay 1ms|±¸×¢: delay_us(1000);//ÑÓ³Ù1ms
  54          //========================================================================
  55          void Delay_Us(unsigned int Us){
  56   1        unsigned int k;
  57   1              unsigned char i;
  58   1              for(k=0;k<Us;k++)
  59   1              {
  60   2              i = 6;
  61   2              while (--i);
  62   2              }
  63   1      }


MODULE INFORMATION:   STATIC OVERLAYABLE
   CODE SIZE        =     49    ----
   CONSTANT SIZE    =   ----    ----
   XDATA SIZE       =   ----    ----
   PDATA SIZE       =   ----    ----
   DATA SIZE        =   ----    ----
   IDATA SIZE       =   ----    ----
   BIT SIZE         =   ----    ----
END OF MODULE INFORMATION.


C51 COMPILATION COMPLETE.  0 WARNING(S),  0 ERROR(S)
