C51 COMPILER V9.59.0.0   ENCODER                                                           02/01/2021 21:09:41 PAGE 1   


C51 COMPILER V9.59.0.0, COMPILATION OF MODULE ENCODER
OBJECT MODULE PLACED IN .\Objects\encoder.obj
COMPILER INVOKED BY: C:\Keil_v5\C51\BIN\C51.EXE Core\Src\encoder.c OPTIMIZE(8,SPEED) BROWSE INCDIR(.\Core\Inc) DEBUG OBJ
                    -ECTEXTEND PRINT(.\Listings\encoder.lst) TABS(2) OBJECT(.\Objects\encoder.obj)

line level    source

   1          /**
   2           ******************************************************************************
   3           * @file    encoder.c
   4           * @author  sky-vocality
   5           * @version V1.0.0
   6           * @date    25-January-2021
   7           * @brief  This file is used for processing encoder data
   8           * @License:GNU General Public License v3.0         
   9           ******************************************************************************
  10           * @attention
  11           * 
  12           * 
  13           * 
  14           * 
  15           * 
  16           * 
  17           * 
  18           * 
  19           ******************************************************************************
  20          **/
  21          
  22          #include "encoder.h"
  23          
  24          unsigned char ENC_Inilize(unsigned char EXT, ENC_InitTypeDef *INTx)
  25          {
  26   1        EXTI_InitTypeDef EXTI_InitTypeDef;
  27   1        EXTI_InitTypeDef.EXTI_Mode = INTx->ENC_Mode;//上升沿中断
  28   1        EXTI_InitTypeDef.EXTI_Polity = INTx->ENC_Polity;//高优先级
  29   1        EXTI_InitTypeDef.EXTI_Interrupt = INTx->ENC_Interrupt;//使能
  30   1        return Ext_Inilize(EXT,&EXTI_InitTypeDef);//完成配置
  31   1      }


MODULE INFORMATION:   STATIC OVERLAYABLE
   CODE SIZE        =     30    ----
   CONSTANT SIZE    =   ----    ----
   XDATA SIZE       =   ----    ----
   PDATA SIZE       =   ----    ----
   DATA SIZE        =   ----       3
   IDATA SIZE       =   ----    ----
   BIT SIZE         =   ----    ----
END OF MODULE INFORMATION.


C51 COMPILATION COMPLETE.  0 WARNING(S),  0 ERROR(S)
