C51 COMPILER V9.59.0.0   MAIN                                                              05/04/2021 20:14:54 PAGE 1   


C51 COMPILER V9.59.0.0, COMPILATION OF MODULE MAIN
OBJECT MODULE PLACED IN .\Objects\main.obj
COMPILER INVOKED BY: C:\Keil_v5\C51\BIN\C51.EXE main.c LARGE OPTIMIZE(8,SPEED) BROWSE INCDIR(.\Core\Inc) DEBUG OBJECTEXT
                    -END PRINT(.\Listings\main.lst) OBJECT(.\Objects\main.obj)

line level    source

   1          #include "uart.h"
   2          #include "gpio.h"
   3          #include "pwm.h"
   4          #include "delay.h"
   5          #include "pid.h"
   6          #include "encoder.h"
   7          #include "adc.h"
   8          #include "oled.h"
   9          
  10          //double Roll = 0;
  11          //int temp = 0;
  12          char kkk[5] = 0;
  13          
  14          int main()
  15          {
  16   1              GPIO_InitTypeDef GPIO_InitTypeDef012;
  17   1              int a = 0;
  18   1              LCD_Init();
  19   1              LCD_P6x8Str(13, 3,(unsigned char*)"Init!");
  20   1              Delay_Ms(1000);
  21   1              LCD_CLS();
  22   1              ENC_EXT_init();
  23   1              jy901_timer_init();
  24   1              wheel_pid_timer_init();
  25   1              while(1)
  26   1              {
  27   2                      //jy901_update();
  28   2                      
  29   2                      LCD_P6x8Str(0, 1,(unsigned char*)"wkp:");
  30   2                      LCD_PrintFloat(25,1,wheel_pid.Kp);
  31   2                      LCD_P6x8Str(0, 2,(unsigned char*)"wki:");
  32   2                      LCD_PrintFloat(25,2,wheel_pid.Ki);
  33   2                      LCD_P6x8Str(0, 3,(unsigned char*)"wkd:");
  34   2                      LCD_PrintFloat(25,3,wheel_pid.Kd);
  35   2                      LCD_P6x8Str(0, 7,(unsigned char*)"val:");
  36   2                      LCD_Print16(25,7,wheel_pwm.PWM_Value);
  37   2                      GPIO_InitTypeDef012.Mode = GPIO_PullUp;//上拉准双向口
  38   2                      GPIO_InitTypeDef012.Pin = GPIO_Pin_0|GPIO_Pin_1|GPIO_Pin_2;//同时配置IO引脚 Px.0与Px.1
  39   2                      GPIO_Inilize(GPIO_P5 ,&GPIO_InitTypeDef012);//IO引脚 P0.0
  40   2                      if( P50 == 0)
  41   2                      {
  42   3                              wheel_pid.Kp = wheel_pid.Kp + 0.01;
  43   3                      }
  44   2                      if( P51 == 0)
  45   2                      {
  46   3                              wheel_pid.Ki = wheel_pid.Ki + 0.01;
  47   3                      }
  48   2                      if( P52 == 0)
  49   2                      {
  50   3                              wheel_pid.Kd = wheel_pid.Kd + 0.01;
  51   3                      }
  52   2                      //LCD_Print16(13,3,encoder_num);
  53   2                      //LCD_PrintFloat(13,3,1.1);
  54   2                      //wheel_pwm.PWM_Value = 250;//wheel_pid.pid_out;
C51 COMPILER V9.59.0.0   MAIN                                                              05/04/2021 20:14:54 PAGE 2   

  55   2                      //PWM_PCA_Output(PWM_0,&wheel_pwm);
  56   2                      //wheel_pwm.PWM_Value = 210;//wheel_pid.pid_out;
  57   2                      //PWM_PCA_Output(PWM_0,&wheel_pwm);
  58   2                      //Delay_Ms(100);
  59   2                      //server_pwm.PWM_Value = 147.5;//server_pid.pid_out + 147.5;
  60   2                      //PWM_Output(PWM_1,&server_pwm);
  61   2                      //LCD_PrintFloat(3,0,jy901.Pitch);
  62   2                      //LCD_PrintFloat(4,0,jy901.Yaw);
  63   2                      //Delay_Ms(100);
  64   2                      LCD_CLS();
  65   2                      //LCD_P6x8Str(13,3,(unsigned char*)"Hello world");
  66   2                      //LCD_Fill(0x00);
  67   2                      //Delay_Ms(500);
  68   2                      //LCD_CLS();
  69   2                      /*
  70   2                      //jy901_update();
  71   2                      PID_Control(increment, encoder_num, 210, &wheel_pid);
  72   2                      wheel_pwm.PWM_Value = wheel_pid.pid_out;
  73   2                      PWM_Output(PWM_0,&wheel_pwm);
  74   2                      intToString(encoder_num,kkk);
  75   2                      encoder_num = 0;
  76   2                      PrintString1(kkk);
  77   2                      PrintString1(",\r\n");
  78   2                      //kkkkk = ReceiveByte1();
  79   2                      //PrintString1(RX2_Buffer);
  80   2                      //PrintString1(&kkkkk);
  81   2                      int a;
  82   2                      for(a = 0;a<1000;a++)
  83   2                      {
  84   2                              server_pwm.PWM_Value = 78;//server_pid.pid_out + 147.5;
  85   2                              PWM_CLK_Output(PWM_1,&server_pwm);
  86   2                              LCD_PrintU16(13,3,a);
  87   2                              LCD_CLS();
  88   2                              Delay_Ms(20);
  89   2                      }*/
  90   2                      //server_pwm.PWM_Value = 147.5;//server_pid.pid_out + 147.5;
  91   2                      //PWM_Output(PWM_1,&server_pwm);
  92   2                      //jy901_update();
  93   2                      //Delay_Ms(500);
  94   2                      //server_pwm.PWM_Value = 147.5;//server_pid.pid_out + 147.5;
  95   2                      //PWM_Output(PWM_1,&server_pwm);
  96   2              }
  97   1      }


MODULE INFORMATION:   STATIC OVERLAYABLE
   CODE SIZE        =    331    ----
   CONSTANT SIZE    =     26    ----
   XDATA SIZE       =      5       4
   PDATA SIZE       =   ----    ----
   DATA SIZE        =   ----    ----
   IDATA SIZE       =   ----    ----
   BIT SIZE         =   ----    ----
END OF MODULE INFORMATION.


C51 COMPILATION COMPLETE.  0 WARNING(S),  0 ERROR(S)
